<?xml version="1.0" encoding="UTF-8"?>
<testng-results skipped="0" failed="0" total="1" passed="1">
  <reporter-output>
    <line>
      <![CDATA[Login Success]]>
    </line>
    <line>
      <![CDATA[No of Rows:5]]>
    </line>
    <line>
      <![CDATA[No of Col in ROws:5]]>
    </line>
    <line>
      <![CDATA[Add User Pass]]>
    </line>
    <line>
      <![CDATA[Add User Pass]]>
    </line>
    <line>
      <![CDATA[Add User Fail]]>
    </line>
    <line>
      <![CDATA[Add User Fail]]>
    </line>
    <line>
      <![CDATA[Add User Pass]]>
    </line>
  </reporter-output>
  <suite name="Default suite" duration-ms="109808" started-at="2019-09-17T10:40:38Z" finished-at="2019-09-17T10:42:28Z">
    <groups>
    </groups>
    <test name="Default test" duration-ms="109808" started-at="2019-09-17T10:40:38Z" finished-at="2019-09-17T10:42:28Z">
      <class name="drivefactory.DataDrivenFrameworkUser">
        <test-method status="PASS" signature="adminLogin()[pri:0, instance:drivefactory.DataDrivenFrameworkUser@1b40d5f0]" name="adminLogin" is-config="true" duration-ms="18026" started-at="2019-09-17T16:10:38Z" finished-at="2019-09-17T16:10:56Z">
          <reporter-output>
            <line>
              <![CDATA[Login Success]]>
            </line>
          </reporter-output>
        </test-method> <!-- adminLogin -->
        <test-method status="PASS" signature="userCreation()[pri:0, instance:drivefactory.DataDrivenFrameworkUser@1b40d5f0]" name="userCreation" duration-ms="81767" started-at="2019-09-17T16:10:56Z" finished-at="2019-09-17T16:12:18Z">
          <reporter-output>
            <line>
              <![CDATA[No of Rows:5]]>
            </line>
            <line>
              <![CDATA[No of Col in ROws:5]]>
            </line>
            <line>
              <![CDATA[Add User Pass]]>
            </line>
            <line>
              <![CDATA[Add User Pass]]>
            </line>
            <line>
              <![CDATA[Add User Fail]]>
            </line>
            <line>
              <![CDATA[Add User Fail]]>
            </line>
            <line>
              <![CDATA[Add User Pass]]>
            </line>
          </reporter-output>
        </test-method> <!-- userCreation -->
        <test-method status="PASS" signature="logoutApp()[pri:0, instance:drivefactory.DataDrivenFrameworkUser@1b40d5f0]" name="logoutApp" is-config="true" duration-ms="9980" started-at="2019-09-17T16:12:18Z" finished-at="2019-09-17T16:12:28Z">
          <reporter-output>
          </reporter-output>
        </test-method> <!-- logoutApp -->
      </class> <!-- drivefactory.DataDrivenFrameworkUser -->
    </test> <!-- Default test -->
  </suite> <!-- Default suite -->
</testng-results>
