<?xml version="1.0" encoding="UTF-8"?>
<testng-results skipped="0" failed="0" total="1" passed="1">
  <reporter-output>
  </reporter-output>
  <suite name="Default suite" duration-ms="18214" started-at="2019-09-29T07:39:14Z" finished-at="2019-09-29T07:39:33Z">
    <groups>
      <group name="cucumber">
        <method signature="AbstractTestNGCucumberTests.feature(cucumber.api.testng.CucumberFeatureWrapper)[pri:0, instance:testrunner.Runner@35f983a6]" name="feature" class="cucumber.api.testng.AbstractTestNGCucumberTests"/>
      </group> <!-- cucumber -->
    </groups>
    <test name="Default test" duration-ms="18214" started-at="2019-09-29T07:39:14Z" finished-at="2019-09-29T07:39:33Z">
      <class name="testrunner.Runner">
        <test-method status="PASS" signature="setUpClass()[pri:0, instance:testrunner.Runner@35f983a6]" name="setUpClass" is-config="true" duration-ms="593" started-at="2019-09-29T13:09:14Z" finished-at="2019-09-29T13:09:15Z">
          <reporter-output>
          </reporter-output>
        </test-method> <!-- setUpClass -->
        <test-method status="PASS" signature="feature(cucumber.api.testng.CucumberFeatureWrapper)[pri:0, instance:testrunner.Runner@35f983a6]" name="feature" duration-ms="17024" started-at="2019-09-29T13:09:15Z" description="Runs Cucumber Feature" data-provider="features" finished-at="2019-09-29T13:09:32Z">
          <params>
            <param index="0">
              <value>
                <![CDATA[This is Login Functionality]]>
              </value>
            </param>
          </params>
          <reporter-output>
          </reporter-output>
        </test-method> <!-- feature -->
        <test-method status="PASS" signature="tearDownClass()[pri:0, instance:testrunner.Runner@35f983a6]" name="tearDownClass" is-config="true" duration-ms="420" started-at="2019-09-29T13:09:32Z" finished-at="2019-09-29T13:09:33Z">
          <reporter-output>
          </reporter-output>
        </test-method> <!-- tearDownClass -->
      </class> <!-- testrunner.Runner -->
    </test> <!-- Default test -->
  </suite> <!-- Default suite -->
</testng-results>
