<?xml version="1.0" encoding="UTF-8"?>
<testng-results skipped="0" failed="0" total="1" passed="1">
  <reporter-output>
  </reporter-output>
  <suite name="Default suite" duration-ms="119798" started-at="2019-09-29T12:47:06Z" finished-at="2019-09-29T12:49:06Z">
    <groups>
      <group name="cucumber">
        <method signature="AbstractTestNGCucumberTests.feature(cucumber.api.testng.CucumberFeatureWrapper)[pri:0, instance:testrunner.Runner@566776ad]" name="feature" class="cucumber.api.testng.AbstractTestNGCucumberTests"/>
      </group> <!-- cucumber -->
    </groups>
    <test name="Default test" duration-ms="119798" started-at="2019-09-29T12:47:06Z" finished-at="2019-09-29T12:49:06Z">
      <class name="testrunner.Runner">
        <test-method status="PASS" signature="setUpClass()[pri:0, instance:testrunner.Runner@566776ad]" name="setUpClass" is-config="true" duration-ms="405" started-at="2019-09-29T18:17:06Z" finished-at="2019-09-29T18:17:07Z">
          <reporter-output>
          </reporter-output>
        </test-method> <!-- setUpClass -->
        <test-method status="PASS" signature="feature(cucumber.api.testng.CucumberFeatureWrapper)[pri:0, instance:testrunner.Runner@566776ad]" name="feature" duration-ms="118975" started-at="2019-09-29T18:17:07Z" description="Runs Cucumber Feature" data-provider="features" finished-at="2019-09-29T18:19:06Z">
          <params>
            <param index="0">
              <value>
                <![CDATA[This is Login Functionality]]>
              </value>
            </param>
          </params>
          <reporter-output>
          </reporter-output>
        </test-method> <!-- feature -->
        <test-method status="PASS" signature="tearDownClass()[pri:0, instance:testrunner.Runner@566776ad]" name="tearDownClass" is-config="true" duration-ms="274" started-at="2019-09-29T18:19:06Z" finished-at="2019-09-29T18:19:06Z">
          <reporter-output>
          </reporter-output>
        </test-method> <!-- tearDownClass -->
      </class> <!-- testrunner.Runner -->
    </test> <!-- Default test -->
  </suite> <!-- Default suite -->
</testng-results>
