<?xml version="1.0" encoding="UTF-8"?>
<!-- Generated by org.testng.reporters.JUnitXMLReporter -->
<testsuite hostname="homepc" ignored="0" name="Command line test" tests="3" failures="0" timestamp="23 Sep 2019 11:24:57 GMT" time="122.194" errors="0">
  <testcase name="createEmp" time="10.579" classname="baseclass.TestScript"/>
  <testcase name="createUser" time="17.451" classname="baseclass.TestScript"/>
  <testcase name="createCandidate" time="11.222" classname="baseclass.TestScript"/>
</testsuite> <!-- Command line test -->
