<?xml version="1.0" encoding="UTF-8"?>
<!-- Generated by org.testng.reporters.JUnitXMLReporter -->
<testsuite hostname="homepc" name="Output" tests="6" failures="0" timestamp="7 Sep 2019 19:10:49 GMT" time="32.088" errors="0">
  <testcase name="verifyRegister" time="1.162" classname="mytestng.Show"/>
  <testcase name="verifySignon" time="1.641" classname="mytestng.Show"/>
  <testcase name="verifyHotel" time="0.781" classname="mytestng.Show"/>
  <testcase name="verifyRegister" time="1.533" classname="mytestng.Show1"/>
  <testcase name="verifyHotel" time="0.833" classname="mytestng.Show1"/>
  <testcase name="verifySignon" time="0.873" classname="mytestng.Show1"/>
</testsuite> <!-- Output -->
